<?xml version="1.0" encoding="UTF-8"?>
<!-- Generated by org.testng.reporters.JUnitReportReporter -->
<testsuite hostname="DESKTOP-QJ72VSE" failures="0" tests="4" name="EntrataTests.EntrataTests.EntrataTests" time="19.947" errors="0" timestamp="2024-09-21T17:44:41 IST" skipped="0">
  <testcase classname="EntrataTests.EntrataTests.EntrataTests" name="validateHomePageTitle" time="0.101"/>
  <testcase classname="EntrataTests.EntrataTests.EntrataTests" name="validateProductMouseHover" time="0.342"/>
  <testcase classname="EntrataTests.EntrataTests.EntrataTests" name="validateFooterSection" time="7.365"/>
  <testcase classname="EntrataTests.EntrataTests.EntrataTests" name="validateInputForm" time="12.139"/>
</testsuite> <!-- EntrataTests.EntrataTests.EntrataTests -->
